GROUP,PACKAGE,CLASS,INSTRUCTION_MISSED,INSTRUCTION_COVERED,BRANCH_MISSED,BRANCH_COVERED,LINE_MISSED,LINE_COVERED,COMPLEXITY_MISSED,COMPLEXITY_COVERED,METHOD_MISSED,METHOD_COVERED
mrp,com.bushnell,DemandAnalysis,3,0,0,0,1,0,1,0,1,0
mrp,com.bushnell,StockReport,3,0,0,0,1,0,1,0,1,0
mrp,com.bushnell,HomeScreen,45,0,0,0,11,0,2,0,2,0
mrp,com.bushnell,App,26,0,0,0,8,0,1,0,1,0
mrp,com.bushnell,GUI,3,0,0,0,1,0,1,0,1,0
mrp,com.bushnell,Bundle,3,0,0,0,1,0,1,0,1,0
mrp,com.bushnell,UpdateStock,3,0,0,0,1,0,1,0,1,0
