GROUP,PACKAGE,CLASS,INSTRUCTION_MISSED,INSTRUCTION_COVERED,BRANCH_MISSED,BRANCH_COVERED,LINE_MISSED,LINE_COVERED,COMPLEXITY_MISSED,COMPLEXITY_COVERED,METHOD_MISSED,METHOD_COVERED
mrp,com.bushnell,DemandAnalysis,45,0,0,0,11,0,2,0,2,0
mrp,com.bushnell,StockReport,45,0,0,0,11,0,2,0,2,0
mrp,com.bushnell,HomeScreen,210,0,0,0,42,0,2,0,2,0
mrp,com.bushnell,App,26,0,0,0,8,0,1,0,1,0
mrp,com.bushnell,GUI,62,0,0,0,15,0,2,0,2,0
mrp,com.bushnell,Bundle,45,0,0,0,11,0,2,0,2,0
mrp,com.bushnell,UpdateStock,45,0,0,0,11,0,2,0,2,0
